{"numTotalTestSuites":9,"numPassedTestSuites":9,"numFailedTestSuites":0,"numPendingTestSuites":0,"numTotalTests":8,"numPassedTests":8,"numFailedTests":0,"numPendingTests":0,"numTodoTests":1,"snapshot":{"added":0,"failure":false,"filesAdded":0,"filesRemoved":0,"filesRemovedList":[],"filesUnmatched":0,"filesUpdated":0,"matched":0,"total":0,"unchecked":0,"uncheckedKeysByFile":[],"unmatched":0,"updated":0,"didUpdate":false},"startTime":1724330205945,"success":true,"testResults":[{"assertionResults":[{"ancestorTitles":["About"],"fullName":"About renders About Component","status":"passed","title":"renders About Component","duration":40,"failureMessages":[],"meta":{}},{"ancestorTitles":["About"],"fullName":"About check for header Text in About Component","status":"skipped","title":"check for header Text in About Component","failureMessages":[],"meta":{}},{"ancestorTitles":["About"],"fullName":"About check for para Text in About Component","status":"passed","title":"check for para Text in About Component","duration":41,"failureMessages":[],"meta":{}},{"ancestorTitles":["About Todo"],"fullName":"About Todo unimplemented test","status":"todo","title":"unimplemented test","failureMessages":[],"meta":{}}],"startTime":1724330207856,"endTime":1724330207897,"status":"passed","message":"","name":"/Users/vandanabisht/Desktop/vitest-sample/tests/About.test.tsx"},{"assertionResults":[{"ancestorTitles":["App"],"fullName":"App renders the App component","status":"passed","title":"renders the App component","duration":48,"failureMessages":[],"meta":{}}],"startTime":1724330207854,"endTime":1724330207902,"status":"passed","message":"","name":"/Users/vandanabisht/Desktop/vitest-sample/tests/App.test.tsx"},{"assertionResults":[{"ancestorTitles":[],"fullName":"isEven function type tests","status":"passed","title":"isEven function type tests","duration":7,"failureMessages":[],"meta":{}}],"startTime":1724330207835,"endTime":1724330207842,"status":"passed","message":"","name":"/Users/vandanabisht/Desktop/vitest-sample/tests/CheckEven.test.ts"},{"assertionResults":[{"ancestorTitles":["Home"],"fullName":"Home check if header text exists","status":"passed","title":"check if header text exists","duration":59,"failureMessages":[],"meta":{}},{"ancestorTitles":["Home"],"fullName":"Home check if para exists","status":"passed","title":"check if para exists","duration":59,"failureMessages":[],"meta":{}}],"startTime":1724330207886,"endTime":1724330207945,"status":"passed","message":"","name":"/Users/vandanabisht/Desktop/vitest-sample/tests/Home.test.tsx"}]}